void.are
entry.are
astral.are
MuseumoftheGods.are
Nexus.are
Cyberia.are
NewbieSchool.are
Sewer.are
MudSchool.are
ShireVillage.are
CrystalCaves.are
BloomCounty.are
MidenNir.are
CastleMistamere.are
Aerie.are
Midgaard.are
SouthMidgaard.are
Haon-Dor.are
100acre.are
Gwyn2.are
chessboard67.are
Arachnos.are
rtower.are
MythicTarot.are
one.are
immtrain.are
CircesTower.are
ArabianNights.are
DeathQuest.are
EmeraldWaterfall.are
CelestialKingdom.are
BambooForestandIshikawaRiver.are
NakaminatoVillage.are
ThreeMusketeers.are
VampireQuest.are
FatherTimesTimeline.are
DwarvenKingdom.are
galaxy.are
mahntor.are
BardicColleges.are
seaelf.are
Rome.are
Outpost2.are
DrowCity.are
japan.are
fuedal.are
SDoShuttles.are
NexusColisevm.are
TriTeqFactoryOutlet.are
TriTeqIndustries.are
Arena.are
Camelot.are
Hightower.are
SeigedCastle.are
Deadwood.are
Abyss.are
Cemetary.are
Clan_Asteroid.are
$
